+ exec gosu vibecode scripts/studio
Starting in development mode...
Installing dependencies...
[0.03ms] ".env"
bun install v1.2.19 (aad3abea)

Checked 69 installs across 70 packages (no changes) [7.00ms]
No prisma/schema.prisma found. Studio requires a Prisma schema.
+ exec gosu vibecode scripts/studio
Starting in development mode...
Installing dependencies...
[0.03ms] ".env"
bun install v1.2.19 (aad3abea)

Checked 69 installs across 70 packages (no changes) [4.00ms]
No prisma/schema.prisma found. Studio requires a Prisma schema.
+ exec gosu vibecode scripts/studio
Starting in development mode...
Installing dependencies...
[0.03ms] ".env"
bun install v1.2.19 (aad3abea)

Checked 69 installs across 70 packages (no changes) [4.00ms]
No prisma/schema.prisma found. Studio requires a Prisma schema.
+ exec gosu vibecode scripts/studio
Starting in development mode...
Installing dependencies...
[0.03ms] ".env"
bun install v1.2.19 (aad3abea)

Checked 69 installs across 70 packages (no changes) [3.00ms]
No prisma/schema.prisma found. Studio requires a Prisma schema.
+ exec gosu vibecode scripts/studio
Starting in development mode...
Installing dependencies...
[0.03ms] ".env"
bun install v1.2.19 (aad3abea)

Checked 69 installs across 70 packages (no changes) [4.00ms]
No prisma/schema.prisma found. Studio requires a Prisma schema.
+ exec gosu vibecode scripts/studio
Starting in development mode...
Installing dependencies...
[0.03ms] ".env"
bun install v1.2.19 (aad3abea)

Checked 69 installs across 70 packages (no changes) [3.00ms]
No prisma/schema.prisma found. Studio requires a Prisma schema.
+ exec gosu vibecode scripts/studio
Starting in development mode...
Installing dependencies...
[0.03ms] ".env"
bun install v1.2.19 (aad3abea)

Checked 69 installs across 70 packages (no changes) [3.00ms]
No prisma/schema.prisma found. Studio requires a Prisma schema.
+ exec gosu vibecode scripts/studio
Starting in development mode...
Installing dependencies...
[0.03ms] ".env"
bun install v1.2.19 (aad3abea)

Checked 69 installs across 70 packages (no changes) [4.00ms]
No prisma/schema.prisma found. Studio requires a Prisma schema.
+ exec gosu vibecode scripts/studio
Starting in development mode...
Installing dependencies...
[0.03ms] ".env"
bun install v1.2.19 (aad3abea)

Checked 69 installs across 70 packages (no changes) [9.00ms]
No prisma/schema.prisma found. Studio requires a Prisma schema.
+ exec gosu vibecode scripts/studio
Starting in development mode...
Installing dependencies...
[0.03ms] ".env"
bun install v1.2.19 (aad3abea)

Checked 69 installs across 70 packages (no changes) [3.00ms]
No prisma/schema.prisma found. Studio requires a Prisma schema.
+ exec gosu vibecode scripts/studio
Starting in development mode...
Installing dependencies...
[0.03ms] ".env"
bun install v1.2.19 (aad3abea)

Checked 69 installs across 70 packages (no changes) [4.00ms]
No prisma/schema.prisma found. Studio requires a Prisma schema.
+ exec gosu vibecode scripts/studio
Starting in development mode...
Installing dependencies...
[0.03ms] ".env"
bun install v1.2.19 (aad3abea)

Checked 70 installs across 71 packages (no changes) [3.00ms]
No prisma/schema.prisma found. Studio requires a Prisma schema.
+ exec gosu vibecode scripts/studio
Starting in development mode...
Installing dependencies...
[0.03ms] ".env"
bun install v1.2.19 (aad3abea)

Checked 70 installs across 71 packages (no changes) [4.00ms]
No prisma/schema.prisma found. Studio requires a Prisma schema.
+ exec gosu vibecode scripts/studio
Starting in development mode...
Installing dependencies...
[0.03ms] ".env"
bun install v1.2.19 (aad3abea)

Checked 70 installs across 71 packages (no changes) [3.00ms]
No prisma/schema.prisma found. Studio requires a Prisma schema.
+ exec gosu vibecode scripts/studio
Starting in development mode...
Installing dependencies...
[0.03ms] ".env"
bun install v1.2.19 (aad3abea)

Checked 70 installs across 71 packages (no changes) [3.00ms]
No prisma/schema.prisma found. Studio requires a Prisma schema.
+ exec gosu vibecode scripts/studio
Starting in development mode...
Installing dependencies...
[0.03ms] ".env"
bun install v1.2.19 (aad3abea)

Checked 70 installs across 71 packages (no changes) [3.00ms]
No prisma/schema.prisma found. Studio requires a Prisma schema.
+ exec gosu vibecode scripts/studio
Starting in development mode...
Installing dependencies...
[0.05ms] ".env"
bun install v1.2.19 (aad3abea)

Checked 70 installs across 71 packages (no changes) [4.00ms]
No prisma/schema.prisma found. Studio requires a Prisma schema.
+ exec gosu vibecode scripts/studio
Starting in development mode...
Installing dependencies...
[0.03ms] ".env"
bun install v1.2.19 (aad3abea)

Checked 70 installs across 71 packages (no changes) [3.00ms]
No prisma/schema.prisma found. Studio requires a Prisma schema.
+ exec gosu vibecode scripts/studio
Starting in development mode...
Installing dependencies...
[0.04ms] ".env"
bun install v1.2.19 (aad3abea)

Checked 70 installs across 71 packages (no changes) [8.00ms]
No prisma/schema.prisma found. Studio requires a Prisma schema.
+ exec gosu vibecode scripts/studio
Starting in development mode...
Installing dependencies...
[0.03ms] ".env"
bun install v1.2.19 (aad3abea)

Checked 70 installs across 71 packages (no changes) [3.00ms]
No prisma/schema.prisma found. Studio requires a Prisma schema.
+ exec gosu vibecode scripts/studio
Starting in development mode...
Installing dependencies...
[0.03ms] ".env"
bun install v1.2.19 (aad3abea)

Checked 70 installs across 71 packages (no changes) [4.00ms]
No prisma/schema.prisma found. Studio requires a Prisma schema.
+ exec gosu vibecode scripts/studio
Starting in development mode...
Installing dependencies...
[0.03ms] ".env"
bun install v1.2.19 (aad3abea)

Checked 70 installs across 71 packages (no changes) [4.00ms]
No prisma/schema.prisma found. Studio requires a Prisma schema.
+ exec gosu vibecode scripts/studio
Starting in development mode...
Installing dependencies...
[0.05ms] ".env"
bun install v1.2.19 (aad3abea)

Checked 70 installs across 71 packages (no changes) [4.00ms]
No prisma/schema.prisma found. Studio requires a Prisma schema.
+ exec gosu vibecode scripts/studio
Starting in development mode...
Installing dependencies...
[0.03ms] ".env"
bun install v1.2.19 (aad3abea)

Checked 70 installs across 71 packages (no changes) [4.00ms]
No prisma/schema.prisma found. Studio requires a Prisma schema.
+ exec gosu vibecode scripts/studio
Starting in development mode...
Installing dependencies...
[0.03ms] ".env"
bun install v1.2.19 (aad3abea)

Checked 70 installs across 71 packages (no changes) [3.00ms]
No prisma/schema.prisma found. Studio requires a Prisma schema.
+ exec gosu vibecode scripts/studio
Starting in development mode...
Installing dependencies...
[0.03ms] ".env"
bun install v1.2.19 (aad3abea)

Checked 70 installs across 71 packages (no changes) [4.00ms]
No prisma/schema.prisma found. Studio requires a Prisma schema.
+ exec gosu vibecode scripts/studio
Starting in development mode...
Installing dependencies...
[0.03ms] ".env"
bun install v1.2.19 (aad3abea)

Checked 70 installs across 71 packages (no changes) [3.00ms]
No prisma/schema.prisma found. Studio requires a Prisma schema.
+ exec gosu vibecode scripts/studio
Starting in development mode...
Installing dependencies...
[0.04ms] ".env"
bun install v1.2.19 (aad3abea)

Checked 70 installs across 71 packages (no changes) [4.00ms]
No prisma/schema.prisma found. Studio requires a Prisma schema.
+ exec gosu vibecode scripts/studio
Starting in development mode...
Installing dependencies...
[0.04ms] ".env"
bun install v1.2.19 (aad3abea)

Checked 70 installs across 71 packages (no changes) [4.00ms]
No prisma/schema.prisma found. Studio requires a Prisma schema.
+ exec gosu vibecode scripts/studio
Starting in development mode...
Installing dependencies...
[0.03ms] ".env"
bun install v1.2.19 (aad3abea)

Checked 70 installs across 71 packages (no changes) [3.00ms]
No prisma/schema.prisma found. Studio requires a Prisma schema.
+ exec gosu vibecode scripts/studio
Starting in development mode...
Installing dependencies...
[0.03ms] ".env"
bun install v1.2.19 (aad3abea)

Checked 70 installs across 71 packages (no changes) [3.00ms]
No prisma/schema.prisma found. Studio requires a Prisma schema.
+ exec gosu vibecode scripts/studio
Starting in development mode...
Installing dependencies...
[0.04ms] ".env"
bun install v1.2.19 (aad3abea)

Checked 70 installs across 71 packages (no changes) [4.00ms]
No prisma/schema.prisma found. Studio requires a Prisma schema.
+ exec gosu vibecode scripts/studio
Starting in development mode...
Installing dependencies...
[0.03ms] ".env"
bun install v1.2.19 (aad3abea)

Checked 70 installs across 71 packages (no changes) [4.00ms]
No prisma/schema.prisma found. Studio requires a Prisma schema.
+ exec gosu vibecode scripts/studio
Starting in development mode...
Installing dependencies...
[0.03ms] ".env"
bun install v1.2.19 (aad3abea)

Checked 70 installs across 71 packages (no changes) [3.00ms]
No prisma/schema.prisma found. Studio requires a Prisma schema.
+ exec gosu vibecode scripts/studio
Starting in development mode...
Installing dependencies...
[0.03ms] ".env"
bun install v1.2.19 (aad3abea)

Checked 70 installs across 71 packages (no changes) [3.00ms]
No prisma/schema.prisma found. Studio requires a Prisma schema.
+ exec gosu vibecode scripts/studio
Starting in development mode...
Installing dependencies...
[0.03ms] ".env"
bun install v1.2.19 (aad3abea)

Checked 70 installs across 71 packages (no changes) [4.00ms]
No prisma/schema.prisma found. Studio requires a Prisma schema.
+ exec gosu vibecode scripts/studio
Starting in development mode...
Installing dependencies...
[0.03ms] ".env"
bun install v1.2.19 (aad3abea)

Checked 70 installs across 71 packages (no changes) [3.00ms]
No prisma/schema.prisma found. Studio requires a Prisma schema.
+ exec gosu vibecode scripts/studio
Starting in development mode...
Installing dependencies...
[0.03ms] ".env"
bun install v1.2.19 (aad3abea)

Checked 70 installs across 71 packages (no changes) [3.00ms]
No prisma/schema.prisma found. Studio requires a Prisma schema.
+ exec gosu vibecode scripts/studio
Starting in development mode...
Installing dependencies...
[0.03ms] ".env"
bun install v1.2.19 (aad3abea)

Checked 70 installs across 71 packages (no changes) [4.00ms]
No prisma/schema.prisma found. Studio requires a Prisma schema.
+ exec gosu vibecode scripts/studio
Starting in development mode...
Installing dependencies...
[0.03ms] ".env"
bun install v1.2.19 (aad3abea)

Checked 70 installs across 71 packages (no changes) [3.00ms]
No prisma/schema.prisma found. Studio requires a Prisma schema.
+ exec gosu vibecode scripts/studio
Starting in development mode...
Installing dependencies...
[0.03ms] ".env"
bun install v1.2.19 (aad3abea)

Checked 70 installs across 71 packages (no changes) [3.00ms]
No prisma/schema.prisma found. Studio requires a Prisma schema.
+ exec gosu vibecode scripts/studio
Starting in development mode...
Installing dependencies...
[0.03ms] ".env"
bun install v1.2.19 (aad3abea)

Checked 70 installs across 71 packages (no changes) [3.00ms]
No prisma/schema.prisma found. Studio requires a Prisma schema.
+ exec gosu vibecode scripts/studio
Starting in development mode...
Installing dependencies...
[0.03ms] ".env"
bun install v1.2.19 (aad3abea)

Checked 70 installs across 71 packages (no changes) [3.00ms]
No prisma/schema.prisma found. Studio requires a Prisma schema.
+ exec gosu vibecode scripts/studio
Starting in development mode...
Installing dependencies...
[0.03ms] ".env"
bun install v1.2.19 (aad3abea)

Checked 70 installs across 71 packages (no changes) [3.00ms]
No prisma/schema.prisma found. Studio requires a Prisma schema.
+ exec gosu vibecode scripts/studio
Starting in development mode...
Installing dependencies...
[0.03ms] ".env"
bun install v1.2.19 (aad3abea)

Checked 70 installs across 71 packages (no changes) [3.00ms]
No prisma/schema.prisma found. Studio requires a Prisma schema.
+ exec gosu vibecode scripts/studio
Starting in development mode...
Installing dependencies...
[0.03ms] ".env"
bun install v1.2.19 (aad3abea)

Checked 70 installs across 71 packages (no changes) [3.00ms]
No prisma/schema.prisma found. Studio requires a Prisma schema.
+ exec gosu vibecode scripts/studio
Starting in development mode...
Installing dependencies...
[0.03ms] ".env"
bun install v1.2.19 (aad3abea)

Checked 70 installs across 71 packages (no changes) [3.00ms]
No prisma/schema.prisma found. Studio requires a Prisma schema.
+ exec gosu vibecode scripts/studio
Starting in development mode...
Installing dependencies...
[0.03ms] ".env"
bun install v1.2.19 (aad3abea)

Checked 70 installs across 71 packages (no changes) [3.00ms]
No prisma/schema.prisma found. Studio requires a Prisma schema.
+ exec gosu vibecode scripts/studio
Starting in development mode...
Installing dependencies...
[0.03ms] ".env"
bun install v1.2.19 (aad3abea)

Checked 70 installs across 71 packages (no changes) [3.00ms]
No prisma/schema.prisma found. Studio requires a Prisma schema.
+ exec gosu vibecode scripts/studio
Starting in development mode...
Installing dependencies...
[0.03ms] ".env"
bun install v1.2.19 (aad3abea)

Checked 70 installs across 71 packages (no changes) [3.00ms]
No prisma/schema.prisma found. Studio requires a Prisma schema.
+ exec gosu vibecode scripts/studio
Starting in development mode...
Installing dependencies...
[0.03ms] ".env"
bun install v1.2.19 (aad3abea)

Checked 70 installs across 71 packages (no changes) [4.00ms]
No prisma/schema.prisma found. Studio requires a Prisma schema.
+ exec gosu vibecode scripts/studio
Starting in development mode...
Installing dependencies...
[0.03ms] ".env"
bun install v1.2.19 (aad3abea)

Checked 70 installs across 71 packages (no changes) [3.00ms]
No prisma/schema.prisma found. Studio requires a Prisma schema.
+ exec gosu vibecode scripts/studio
Starting in development mode...
Installing dependencies...
[0.03ms] ".env"
bun install v1.2.19 (aad3abea)

Checked 70 installs across 71 packages (no changes) [3.00ms]
No prisma/schema.prisma found. Studio requires a Prisma schema.
+ exec gosu vibecode scripts/studio
Starting in development mode...
Installing dependencies...
[0.03ms] ".env"
bun install v1.2.19 (aad3abea)

Checked 70 installs across 71 packages (no changes) [8.00ms]
No prisma/schema.prisma found. Studio requires a Prisma schema.
+ exec gosu vibecode scripts/studio
Starting in development mode...
Installing dependencies...
[0.03ms] ".env"
bun install v1.2.19 (aad3abea)

Checked 70 installs across 71 packages (no changes) [4.00ms]
No prisma/schema.prisma found. Studio requires a Prisma schema.
+ exec gosu vibecode scripts/studio
Starting in development mode...
Installing dependencies...
[0.03ms] ".env"
bun install v1.2.19 (aad3abea)

Checked 70 installs across 71 packages (no changes) [3.00ms]
No prisma/schema.prisma found. Studio requires a Prisma schema.
+ exec gosu vibecode scripts/studio
Starting in development mode...
Installing dependencies...
[0.03ms] ".env"
bun install v1.2.19 (aad3abea)

Checked 70 installs across 71 packages (no changes) [4.00ms]
No prisma/schema.prisma found. Studio requires a Prisma schema.
+ exec gosu vibecode scripts/studio
Starting in development mode...
Installing dependencies...
[0.03ms] ".env"
bun install v1.2.19 (aad3abea)

Checked 70 installs across 71 packages (no changes) [3.00ms]
No prisma/schema.prisma found. Studio requires a Prisma schema.
+ exec gosu vibecode scripts/studio
Starting in development mode...
Installing dependencies...
[0.03ms] ".env"
bun install v1.2.19 (aad3abea)

Checked 70 installs across 71 packages (no changes) [3.00ms]
No prisma/schema.prisma found. Studio requires a Prisma schema.
+ exec gosu vibecode scripts/studio
Starting in development mode...
Installing dependencies...
[0.03ms] ".env"
bun install v1.2.19 (aad3abea)

Checked 70 installs across 71 packages (no changes) [3.00ms]
No prisma/schema.prisma found. Studio requires a Prisma schema.
+ exec gosu vibecode scripts/studio
Starting in development mode...
Installing dependencies...
[0.03ms] ".env"
bun install v1.2.19 (aad3abea)

Checked 70 installs across 71 packages (no changes) [4.00ms]
No prisma/schema.prisma found. Studio requires a Prisma schema.
+ exec gosu vibecode scripts/studio
Starting in development mode...
Installing dependencies...
[0.03ms] ".env"
bun install v1.2.19 (aad3abea)

Checked 70 installs across 71 packages (no changes) [4.00ms]
No prisma/schema.prisma found. Studio requires a Prisma schema.
+ exec gosu vibecode scripts/studio
Starting in development mode...
Installing dependencies...
[0.05ms] ".env"
bun install v1.2.19 (aad3abea)

Checked 70 installs across 71 packages (no changes) [4.00ms]
No prisma/schema.prisma found. Studio requires a Prisma schema.
+ exec gosu vibecode scripts/studio
Starting in development mode...
Installing dependencies...
[0.03ms] ".env"
bun install v1.2.19 (aad3abea)

Checked 70 installs across 71 packages (no changes) [4.00ms]
No prisma/schema.prisma found. Studio requires a Prisma schema.
+ exec gosu vibecode scripts/studio
Starting in development mode...
Installing dependencies...
[0.03ms] ".env"
bun install v1.2.19 (aad3abea)

Checked 70 installs across 71 packages (no changes) [3.00ms]
No prisma/schema.prisma found. Studio requires a Prisma schema.
+ exec gosu vibecode scripts/studio
Starting in development mode...
Installing dependencies...
[0.04ms] ".env"
bun install v1.2.19 (aad3abea)

Checked 70 installs across 71 packages (no changes) [3.00ms]
No prisma/schema.prisma found. Studio requires a Prisma schema.
+ exec gosu vibecode scripts/studio
Starting in development mode...
Installing dependencies...
[0.03ms] ".env"
bun install v1.2.19 (aad3abea)

Checked 70 installs across 71 packages (no changes) [4.00ms]
No prisma/schema.prisma found. Studio requires a Prisma schema.
+ exec gosu vibecode scripts/studio
Starting in development mode...
Installing dependencies...
[0.03ms] ".env"
bun install v1.2.19 (aad3abea)

Checked 70 installs across 71 packages (no changes) [3.00ms]
No prisma/schema.prisma found. Studio requires a Prisma schema.
+ exec gosu vibecode scripts/studio
Starting in development mode...
Installing dependencies...
[0.03ms] ".env"
bun install v1.2.19 (aad3abea)

Checked 70 installs across 71 packages (no changes) [4.00ms]
No prisma/schema.prisma found. Studio requires a Prisma schema.
+ exec gosu vibecode scripts/studio
Starting in development mode...
Installing dependencies...
[0.03ms] ".env"
bun install v1.2.19 (aad3abea)

Checked 70 installs across 71 packages (no changes) [4.00ms]
No prisma/schema.prisma found. Studio requires a Prisma schema.
+ exec gosu vibecode scripts/studio
Starting in development mode...
Installing dependencies...
[0.03ms] ".env"
bun install v1.2.19 (aad3abea)

Checked 70 installs across 71 packages (no changes) [3.00ms]
No prisma/schema.prisma found. Studio requires a Prisma schema.
+ exec gosu vibecode scripts/studio
Starting in development mode...
Installing dependencies...
[0.03ms] ".env"
bun install v1.2.19 (aad3abea)

Checked 70 installs across 71 packages (no changes) [3.00ms]
No prisma/schema.prisma found. Studio requires a Prisma schema.
+ exec gosu vibecode scripts/studio
Starting in development mode...
Installing dependencies...
[0.05ms] ".env"
bun install v1.2.19 (aad3abea)

Checked 70 installs across 71 packages (no changes) [3.00ms]
No prisma/schema.prisma found. Studio requires a Prisma schema.
+ exec gosu vibecode scripts/studio
Starting in development mode...
Installing dependencies...
[0.03ms] ".env"
bun install v1.2.19 (aad3abea)

Checked 70 installs across 71 packages (no changes) [3.00ms]
No prisma/schema.prisma found. Studio requires a Prisma schema.
+ exec gosu vibecode scripts/studio
Starting in development mode...
Installing dependencies...
[0.03ms] ".env"
bun install v1.2.19 (aad3abea)

Checked 70 installs across 71 packages (no changes) [4.00ms]
No prisma/schema.prisma found. Studio requires a Prisma schema.
+ exec gosu vibecode scripts/studio
Starting in development mode...
Installing dependencies...
[0.03ms] ".env"
bun install v1.2.19 (aad3abea)

Checked 70 installs across 71 packages (no changes) [3.00ms]
No prisma/schema.prisma found. Studio requires a Prisma schema.
+ exec gosu vibecode scripts/studio
Starting in development mode...
Installing dependencies...
[0.03ms] ".env"
bun install v1.2.19 (aad3abea)

Checked 70 installs across 71 packages (no changes) [3.00ms]
No prisma/schema.prisma found. Studio requires a Prisma schema.
+ exec gosu vibecode scripts/studio
Starting in development mode...
Installing dependencies...
[0.06ms] ".env"
bun install v1.2.19 (aad3abea)

Checked 70 installs across 71 packages (no changes) [3.00ms]
No prisma/schema.prisma found. Studio requires a Prisma schema.
+ exec gosu vibecode scripts/studio
Starting in development mode...
Installing dependencies...
[0.03ms] ".env"
bun install v1.2.19 (aad3abea)

Checked 70 installs across 71 packages (no changes) [3.00ms]
No prisma/schema.prisma found. Studio requires a Prisma schema.
+ exec gosu vibecode scripts/studio
Starting in development mode...
Installing dependencies...
[0.03ms] ".env"
bun install v1.2.19 (aad3abea)

Checked 70 installs across 71 packages (no changes) [4.00ms]
No prisma/schema.prisma found. Studio requires a Prisma schema.
+ exec gosu vibecode scripts/studio
Starting in development mode...
Installing dependencies...
[0.03ms] ".env"
bun install v1.2.19 (aad3abea)

Checked 70 installs across 71 packages (no changes) [3.00ms]
No prisma/schema.prisma found. Studio requires a Prisma schema.
+ exec gosu vibecode scripts/studio
Starting in development mode...
Installing dependencies...
[0.03ms] ".env"
bun install v1.2.19 (aad3abea)

Checked 70 installs across 71 packages (no changes) [3.00ms]
No prisma/schema.prisma found. Studio requires a Prisma schema.
+ exec gosu vibecode scripts/studio
Starting in development mode...
Installing dependencies...
[0.03ms] ".env"
bun install v1.2.19 (aad3abea)

Checked 70 installs across 71 packages (no changes) [4.00ms]
No prisma/schema.prisma found. Studio requires a Prisma schema.
+ exec gosu vibecode scripts/studio
Starting in development mode...
Installing dependencies...
[0.03ms] ".env"
bun install v1.2.19 (aad3abea)

Checked 70 installs across 71 packages (no changes) [3.00ms]
No prisma/schema.prisma found. Studio requires a Prisma schema.
+ exec gosu vibecode scripts/studio
Starting in development mode...
Installing dependencies...
[0.03ms] ".env"
bun install v1.2.19 (aad3abea)

Checked 70 installs across 71 packages (no changes) [4.00ms]
No prisma/schema.prisma found. Studio requires a Prisma schema.
+ exec gosu vibecode scripts/studio
Starting in development mode...
Installing dependencies...
[0.03ms] ".env"
bun install v1.2.19 (aad3abea)

Checked 70 installs across 71 packages (no changes) [3.00ms]
No prisma/schema.prisma found. Studio requires a Prisma schema.
+ exec gosu vibecode scripts/studio
Starting in development mode...
Installing dependencies...
[0.03ms] ".env"
bun install v1.2.19 (aad3abea)

Checked 70 installs across 71 packages (no changes) [3.00ms]
No prisma/schema.prisma found. Studio requires a Prisma schema.
+ exec gosu vibecode scripts/studio
Starting in development mode...
Installing dependencies...
[0.03ms] ".env"
bun install v1.2.19 (aad3abea)

Checked 70 installs across 71 packages (no changes) [3.00ms]
No prisma/schema.prisma found. Studio requires a Prisma schema.
+ exec gosu vibecode scripts/studio
Starting in development mode...
Installing dependencies...
[0.04ms] ".env"
bun install v1.2.19 (aad3abea)

Checked 70 installs across 71 packages (no changes) [4.00ms]
No prisma/schema.prisma found. Studio requires a Prisma schema.
+ exec gosu vibecode scripts/studio
Starting in development mode...
Installing dependencies...
[0.03ms] ".env"
bun install v1.2.19 (aad3abea)

Checked 70 installs across 71 packages (no changes) [3.00ms]
No prisma/schema.prisma found. Studio requires a Prisma schema.
+ exec gosu vibecode scripts/studio
Starting in development mode...
Installing dependencies...
[0.03ms] ".env"
bun install v1.2.19 (aad3abea)

Checked 70 installs across 71 packages (no changes) [4.00ms]
No prisma/schema.prisma found. Studio requires a Prisma schema.
+ exec gosu vibecode scripts/studio
Starting in development mode...
Installing dependencies...
[0.03ms] ".env"
bun install v1.2.19 (aad3abea)

Checked 70 installs across 71 packages (no changes) [3.00ms]
No prisma/schema.prisma found. Studio requires a Prisma schema.
+ exec gosu vibecode scripts/studio
Starting in development mode...
Installing dependencies...
[0.03ms] ".env"
bun install v1.2.19 (aad3abea)

Checked 70 installs across 71 packages (no changes) [3.00ms]
No prisma/schema.prisma found. Studio requires a Prisma schema.
+ exec gosu vibecode scripts/studio
Starting in development mode...
Installing dependencies...
[0.03ms] ".env"
bun install v1.2.19 (aad3abea)

Checked 70 installs across 71 packages (no changes) [3.00ms]
No prisma/schema.prisma found. Studio requires a Prisma schema.
+ exec gosu vibecode scripts/studio
Starting in development mode...
Installing dependencies...
[0.03ms] ".env"
bun install v1.2.19 (aad3abea)

Checked 70 installs across 71 packages (no changes) [4.00ms]
No prisma/schema.prisma found. Studio requires a Prisma schema.
+ exec gosu vibecode scripts/studio
Starting in development mode...
Installing dependencies...
[0.03ms] ".env"
bun install v1.2.19 (aad3abea)

Checked 70 installs across 71 packages (no changes) [3.00ms]
No prisma/schema.prisma found. Studio requires a Prisma schema.
+ exec gosu vibecode scripts/studio
Starting in development mode...
Installing dependencies...
[0.03ms] ".env"
bun install v1.2.19 (aad3abea)

Checked 70 installs across 71 packages (no changes) [3.00ms]
No prisma/schema.prisma found. Studio requires a Prisma schema.
+ exec gosu vibecode scripts/studio
Starting in development mode...
Installing dependencies...
[0.03ms] ".env"
bun install v1.2.19 (aad3abea)

Checked 70 installs across 71 packages (no changes) [3.00ms]
No prisma/schema.prisma found. Studio requires a Prisma schema.
+ exec gosu vibecode scripts/studio
Starting in development mode...
Installing dependencies...
[0.03ms] ".env"
bun install v1.2.19 (aad3abea)

Checked 70 installs across 71 packages (no changes) [3.00ms]
No prisma/schema.prisma found. Studio requires a Prisma schema.
+ exec gosu vibecode scripts/studio
Starting in development mode...
Installing dependencies...
[0.03ms] ".env"
bun install v1.2.19 (aad3abea)

Checked 70 installs across 71 packages (no changes) [3.00ms]
No prisma/schema.prisma found. Studio requires a Prisma schema.
+ exec gosu vibecode scripts/studio
Starting in development mode...
Installing dependencies...
[0.03ms] ".env"
bun install v1.2.19 (aad3abea)

Checked 70 installs across 71 packages (no changes) [4.00ms]
No prisma/schema.prisma found. Studio requires a Prisma schema.
+ exec gosu vibecode scripts/studio
Starting in development mode...
Installing dependencies...
[0.03ms] ".env"
bun install v1.2.19 (aad3abea)

Checked 70 installs across 71 packages (no changes) [4.00ms]
No prisma/schema.prisma found. Studio requires a Prisma schema.
+ exec gosu vibecode scripts/studio
Starting in development mode...
Installing dependencies...
[0.06ms] ".env"
bun install v1.2.19 (aad3abea)

Checked 70 installs across 71 packages (no changes) [4.00ms]
No prisma/schema.prisma found. Studio requires a Prisma schema.
+ exec gosu vibecode scripts/studio
Starting in development mode...
Installing dependencies...
[0.03ms] ".env"
bun install v1.2.19 (aad3abea)

Checked 70 installs across 71 packages (no changes) [4.00ms]
No prisma/schema.prisma found. Studio requires a Prisma schema.
+ exec gosu vibecode scripts/studio
Starting in development mode...
Installing dependencies...
[0.03ms] ".env"
bun install v1.2.19 (aad3abea)

Checked 70 installs across 71 packages (no changes) [4.00ms]
No prisma/schema.prisma found. Studio requires a Prisma schema.
+ exec gosu vibecode scripts/studio
Starting in development mode...
Installing dependencies...
[0.03ms] ".env"
bun install v1.2.19 (aad3abea)

Checked 70 installs across 71 packages (no changes) [3.00ms]
No prisma/schema.prisma found. Studio requires a Prisma schema.
+ exec gosu vibecode scripts/studio
Starting in development mode...
Installing dependencies...
[0.03ms] ".env"
bun install v1.2.19 (aad3abea)

Checked 70 installs across 71 packages (no changes) [4.00ms]
No prisma/schema.prisma found. Studio requires a Prisma schema.
+ exec gosu vibecode scripts/studio
Starting in development mode...
Installing dependencies...
[0.03ms] ".env"
bun install v1.2.19 (aad3abea)

Checked 70 installs across 71 packages (no changes) [3.00ms]
No prisma/schema.prisma found. Studio requires a Prisma schema.
+ exec gosu vibecode scripts/studio
Starting in development mode...
Installing dependencies...
[0.03ms] ".env"
bun install v1.2.19 (aad3abea)

Checked 70 installs across 71 packages (no changes) [3.00ms]
No prisma/schema.prisma found. Studio requires a Prisma schema.
+ exec gosu vibecode scripts/studio
Starting in development mode...
Installing dependencies...
[0.03ms] ".env"
bun install v1.2.19 (aad3abea)

Checked 70 installs across 71 packages (no changes) [3.00ms]
No prisma/schema.prisma found. Studio requires a Prisma schema.
+ exec gosu vibecode scripts/studio
Starting in development mode...
Installing dependencies...
[0.03ms] ".env"
bun install v1.2.19 (aad3abea)

Checked 70 installs across 71 packages (no changes) [3.00ms]
No prisma/schema.prisma found. Studio requires a Prisma schema.
+ exec gosu vibecode scripts/studio
Starting in development mode...
Installing dependencies...
[0.04ms] ".env"
bun install v1.2.19 (aad3abea)

Checked 70 installs across 71 packages (no changes) [3.00ms]
No prisma/schema.prisma found. Studio requires a Prisma schema.
+ exec gosu vibecode scripts/studio
Starting in development mode...
Installing dependencies...
[0.03ms] ".env"
bun install v1.2.19 (aad3abea)

Checked 70 installs across 71 packages (no changes) [3.00ms]
No prisma/schema.prisma found. Studio requires a Prisma schema.
+ exec gosu vibecode scripts/studio
Starting in development mode...
Installing dependencies...
[0.03ms] ".env"
bun install v1.2.19 (aad3abea)

Checked 70 installs across 71 packages (no changes) [3.00ms]
No prisma/schema.prisma found. Studio requires a Prisma schema.
+ exec gosu vibecode scripts/studio
Starting in development mode...
Installing dependencies...
[0.03ms] ".env"
bun install v1.2.19 (aad3abea)

Checked 70 installs across 71 packages (no changes) [3.00ms]
No prisma/schema.prisma found. Studio requires a Prisma schema.
+ exec gosu vibecode scripts/studio
Starting in development mode...
Installing dependencies...
[0.03ms] ".env"
bun install v1.2.19 (aad3abea)

Checked 70 installs across 71 packages (no changes) [3.00ms]
No prisma/schema.prisma found. Studio requires a Prisma schema.
+ exec gosu vibecode scripts/studio
Starting in development mode...
Installing dependencies...
[0.03ms] ".env"
bun install v1.2.19 (aad3abea)

Checked 70 installs across 71 packages (no changes) [4.00ms]
No prisma/schema.prisma found. Studio requires a Prisma schema.
+ exec gosu vibecode scripts/studio
Starting in development mode...
Installing dependencies...
[0.03ms] ".env"
bun install v1.2.19 (aad3abea)

Checked 70 installs across 71 packages (no changes) [3.00ms]
No prisma/schema.prisma found. Studio requires a Prisma schema.
+ exec gosu vibecode scripts/studio
Starting in development mode...
Installing dependencies...
[0.03ms] ".env"
bun install v1.2.19 (aad3abea)

Checked 70 installs across 71 packages (no changes) [3.00ms]
No prisma/schema.prisma found. Studio requires a Prisma schema.
+ exec gosu vibecode scripts/studio
Starting in development mode...
Installing dependencies...
[0.05ms] ".env"
bun install v1.2.19 (aad3abea)

Checked 70 installs across 71 packages (no changes) [4.00ms]
No prisma/schema.prisma found. Studio requires a Prisma schema.
+ exec gosu vibecode scripts/studio
Starting in development mode...
Installing dependencies...
[0.03ms] ".env"
bun install v1.2.19 (aad3abea)

Checked 70 installs across 71 packages (no changes) [4.00ms]
No prisma/schema.prisma found. Studio requires a Prisma schema.
+ exec gosu vibecode scripts/studio
Starting in development mode...
Installing dependencies...
[0.04ms] ".env"
bun install v1.2.19 (aad3abea)

Checked 70 installs across 71 packages (no changes) [4.00ms]
No prisma/schema.prisma found. Studio requires a Prisma schema.
+ exec gosu vibecode scripts/studio
Starting in development mode...
Installing dependencies...
[0.06ms] ".env"
bun install v1.2.19 (aad3abea)

+ @types/bun@1.2.23
+ typescript@5.8.3
+ @hono/node-server@1.12.0
+ @hono/zod-validator@0.7.6
+ @vibecodeapp/backend-sdk@1.0.1
+ @vibecodeapp/cloud-studio@0.2.4
+ @vibecodeapp/proxy@2.0.3
+ hono@4.6.0
+ zod@4.1.11

70 packages installed [19.39s]
No prisma/schema.prisma found. Studio requires a Prisma schema.
+ exec gosu vibecode scripts/studio
Starting in development mode...
Installing dependencies...
[0.04ms] ".env"
bun install v1.2.19 (aad3abea)

Checked 70 installs across 71 packages (no changes) [12.00ms]
No prisma/schema.prisma found. Studio requires a Prisma schema.
+ exec gosu vibecode scripts/studio
Starting in development mode...
Installing dependencies...
[0.03ms] ".env"
bun install v1.2.19 (aad3abea)

Checked 70 installs across 71 packages (no changes) [6.00ms]
No prisma/schema.prisma found. Studio requires a Prisma schema.
+ exec gosu vibecode scripts/studio
Starting in development mode...
Installing dependencies...
[0.04ms] ".env"
bun install v1.2.19 (aad3abea)

Checked 70 installs across 71 packages (no changes) [4.00ms]
No prisma/schema.prisma found. Studio requires a Prisma schema.
+ exec gosu vibecode scripts/studio
Starting in development mode...
Installing dependencies...
[0.03ms] ".env"
bun install v1.2.19 (aad3abea)

Checked 70 installs across 71 packages (no changes) [3.00ms]
No prisma/schema.prisma found. Studio requires a Prisma schema.
+ exec gosu vibecode scripts/studio
Starting in development mode...
Installing dependencies...
[0.03ms] ".env"
bun install v1.2.19 (aad3abea)

Checked 70 installs across 71 packages (no changes) [3.00ms]
No prisma/schema.prisma found. Studio requires a Prisma schema.
+ exec gosu vibecode scripts/studio
Starting in development mode...
Installing dependencies...
[0.03ms] ".env"
bun install v1.2.19 (aad3abea)

Checked 70 installs across 71 packages (no changes) [3.00ms]
No prisma/schema.prisma found. Studio requires a Prisma schema.
+ exec gosu vibecode scripts/studio
Starting in development mode...
Installing dependencies...
[0.03ms] ".env"
bun install v1.2.19 (aad3abea)

Checked 70 installs across 71 packages (no changes) [3.00ms]
No prisma/schema.prisma found. Studio requires a Prisma schema.
+ exec gosu vibecode scripts/studio
Starting in development mode...
Installing dependencies...
[0.03ms] ".env"
bun install v1.2.19 (aad3abea)

Checked 70 installs across 71 packages (no changes) [3.00ms]
No prisma/schema.prisma found. Studio requires a Prisma schema.
+ exec gosu vibecode scripts/studio
Starting in development mode...
Installing dependencies...
[0.03ms] ".env"
bun install v1.2.19 (aad3abea)

Checked 70 installs across 71 packages (no changes) [3.00ms]
No prisma/schema.prisma found. Studio requires a Prisma schema.
+ exec gosu vibecode scripts/studio
Starting in development mode...
Installing dependencies...
[0.03ms] ".env"
bun install v1.2.19 (aad3abea)

Checked 70 installs across 71 packages (no changes) [3.00ms]
No prisma/schema.prisma found. Studio requires a Prisma schema.
+ exec gosu vibecode scripts/studio
Starting in development mode...
Installing dependencies...
[0.03ms] ".env"
bun install v1.2.19 (aad3abea)

Checked 70 installs across 71 packages (no changes) [3.00ms]
No prisma/schema.prisma found. Studio requires a Prisma schema.
+ exec gosu vibecode scripts/studio
Starting in development mode...
Installing dependencies...
[0.03ms] ".env"
bun install v1.2.19 (aad3abea)

Checked 70 installs across 71 packages (no changes) [4.00ms]
No prisma/schema.prisma found. Studio requires a Prisma schema.
+ exec gosu vibecode scripts/studio
Starting in development mode...
Installing dependencies...
[0.03ms] ".env"
bun install v1.2.19 (aad3abea)

Checked 70 installs across 71 packages (no changes) [3.00ms]
No prisma/schema.prisma found. Studio requires a Prisma schema.
+ exec gosu vibecode scripts/studio
Starting in development mode...
Installing dependencies...
[0.03ms] ".env"
bun install v1.2.19 (aad3abea)

Checked 70 installs across 71 packages (no changes) [3.00ms]
No prisma/schema.prisma found. Studio requires a Prisma schema.
+ exec gosu vibecode scripts/studio
Starting in development mode...
Installing dependencies...
[0.03ms] ".env"
bun install v1.2.19 (aad3abea)

Checked 70 installs across 71 packages (no changes) [3.00ms]
No prisma/schema.prisma found. Studio requires a Prisma schema.
+ exec gosu vibecode scripts/studio
Starting in development mode...
Installing dependencies...
[0.03ms] ".env"
bun install v1.2.19 (aad3abea)

Checked 70 installs across 71 packages (no changes) [3.00ms]
No prisma/schema.prisma found. Studio requires a Prisma schema.
+ exec gosu vibecode scripts/studio
Starting in development mode...
Installing dependencies...
[0.05ms] ".env"
bun install v1.2.19 (aad3abea)

Checked 70 installs across 71 packages (no changes) [3.00ms]
No prisma/schema.prisma found. Studio requires a Prisma schema.
+ exec gosu vibecode scripts/studio
Starting in development mode...
Installing dependencies...
[0.03ms] ".env"
bun install v1.2.19 (aad3abea)

Checked 70 installs across 71 packages (no changes) [3.00ms]
No prisma/schema.prisma found. Studio requires a Prisma schema.
+ exec gosu vibecode scripts/studio
Starting in development mode...
Installing dependencies...
[0.03ms] ".env"
bun install v1.2.19 (aad3abea)

Checked 70 installs across 71 packages (no changes) [3.00ms]
No prisma/schema.prisma found. Studio requires a Prisma schema.
+ exec gosu vibecode scripts/studio
Starting in development mode...
Installing dependencies...
[0.03ms] ".env"
bun install v1.2.19 (aad3abea)

Checked 70 installs across 71 packages (no changes) [4.00ms]
No prisma/schema.prisma found. Studio requires a Prisma schema.
+ exec gosu vibecode scripts/studio
Starting in development mode...
Installing dependencies...
[0.03ms] ".env"
bun install v1.2.19 (aad3abea)

Checked 70 installs across 71 packages (no changes) [3.00ms]
No prisma/schema.prisma found. Studio requires a Prisma schema.
+ exec gosu vibecode scripts/studio
Starting in development mode...
Installing dependencies...
[0.03ms] ".env"
bun install v1.2.19 (aad3abea)

Checked 70 installs across 71 packages (no changes) [3.00ms]
No prisma/schema.prisma found. Studio requires a Prisma schema.
+ exec gosu vibecode scripts/studio
Starting in development mode...
Installing dependencies...
[0.03ms] ".env"
bun install v1.2.19 (aad3abea)

Checked 70 installs across 71 packages (no changes) [3.00ms]
No prisma/schema.prisma found. Studio requires a Prisma schema.
+ exec gosu vibecode scripts/studio
Starting in development mode...
Installing dependencies...
[0.03ms] ".env"
bun install v1.2.19 (aad3abea)

Checked 70 installs across 71 packages (no changes) [3.00ms]
No prisma/schema.prisma found. Studio requires a Prisma schema.
+ exec gosu vibecode scripts/studio
Starting in development mode...
Installing dependencies...
[0.03ms] ".env"
bun install v1.2.19 (aad3abea)

Checked 70 installs across 71 packages (no changes) [3.00ms]
No prisma/schema.prisma found. Studio requires a Prisma schema.
+ exec gosu vibecode scripts/studio
Starting in development mode...
Installing dependencies...
[0.03ms] ".env"
bun install v1.2.19 (aad3abea)

Checked 70 installs across 71 packages (no changes) [3.00ms]
No prisma/schema.prisma found. Studio requires a Prisma schema.
+ exec gosu vibecode scripts/studio
Starting in development mode...
Installing dependencies...
[0.03ms] ".env"
bun install v1.2.19 (aad3abea)

Checked 70 installs across 71 packages (no changes) [3.00ms]
No prisma/schema.prisma found. Studio requires a Prisma schema.
+ exec gosu vibecode scripts/studio
Starting in development mode...
Installing dependencies...
[0.03ms] ".env"
bun install v1.2.19 (aad3abea)

Checked 70 installs across 71 packages (no changes) [3.00ms]
No prisma/schema.prisma found. Studio requires a Prisma schema.
+ exec gosu vibecode scripts/studio
Starting in development mode...
Installing dependencies...
[0.03ms] ".env"
bun install v1.2.19 (aad3abea)

Checked 70 installs across 71 packages (no changes) [3.00ms]
No prisma/schema.prisma found. Studio requires a Prisma schema.
+ exec gosu vibecode scripts/studio
Starting in development mode...
Installing dependencies...
[0.04ms] ".env"
bun install v1.2.19 (aad3abea)

Checked 70 installs across 71 packages (no changes) [3.00ms]
No prisma/schema.prisma found. Studio requires a Prisma schema.
+ exec gosu vibecode scripts/studio
Starting in development mode...
Installing dependencies...
[0.03ms] ".env"
bun install v1.2.19 (aad3abea)

Checked 70 installs across 71 packages (no changes) [3.00ms]
No prisma/schema.prisma found. Studio requires a Prisma schema.
+ exec gosu vibecode scripts/studio
Starting in development mode...
Installing dependencies...
[0.04ms] ".env"
bun install v1.2.19 (aad3abea)

Checked 70 installs across 71 packages (no changes) [4.00ms]
No prisma/schema.prisma found. Studio requires a Prisma schema.
+ exec gosu vibecode scripts/studio
Starting in development mode...
Installing dependencies...
[0.03ms] ".env"
bun install v1.2.19 (aad3abea)

Checked 70 installs across 71 packages (no changes) [3.00ms]
No prisma/schema.prisma found. Studio requires a Prisma schema.
+ exec gosu vibecode scripts/studio
Starting in development mode...
Installing dependencies...
[0.03ms] ".env"
bun install v1.2.19 (aad3abea)

Checked 70 installs across 71 packages (no changes) [3.00ms]
No prisma/schema.prisma found. Studio requires a Prisma schema.
+ exec gosu vibecode scripts/studio
Starting in development mode...
Installing dependencies...
[0.03ms] ".env"
bun install v1.2.19 (aad3abea)

Checked 70 installs across 71 packages (no changes) [3.00ms]
No prisma/schema.prisma found. Studio requires a Prisma schema.
+ exec gosu vibecode scripts/studio
Starting in development mode...
Installing dependencies...
[0.03ms] ".env"
bun install v1.2.19 (aad3abea)

Checked 70 installs across 71 packages (no changes) [3.00ms]
No prisma/schema.prisma found. Studio requires a Prisma schema.
+ exec gosu vibecode scripts/studio
Starting in development mode...
Installing dependencies...
[0.06ms] ".env"
bun install v1.2.19 (aad3abea)

Checked 70 installs across 71 packages (no changes) [3.00ms]
No prisma/schema.prisma found. Studio requires a Prisma schema.
+ exec gosu vibecode scripts/studio
Starting in development mode...
Installing dependencies...
[0.04ms] ".env"
bun install v1.2.19 (aad3abea)

Checked 70 installs across 71 packages (no changes) [4.00ms]
No prisma/schema.prisma found. Studio requires a Prisma schema.
+ exec gosu vibecode scripts/studio
Starting in development mode...
Installing dependencies...
[0.06ms] ".env"
bun install v1.2.19 (aad3abea)

Checked 70 installs across 71 packages (no changes) [3.00ms]
No prisma/schema.prisma found. Studio requires a Prisma schema.
+ exec gosu vibecode scripts/studio
Starting in development mode...
Installing dependencies...
[0.03ms] ".env"
bun install v1.2.19 (aad3abea)

Checked 70 installs across 71 packages (no changes) [3.00ms]
No prisma/schema.prisma found. Studio requires a Prisma schema.
+ exec gosu vibecode scripts/studio
Starting in development mode...
Installing dependencies...
[0.03ms] ".env"
bun install v1.2.19 (aad3abea)

Checked 70 installs across 71 packages (no changes) [3.00ms]
No prisma/schema.prisma found. Studio requires a Prisma schema.
+ exec gosu vibecode scripts/studio
Starting in development mode...
Installing dependencies...
[0.03ms] ".env"
bun install v1.2.19 (aad3abea)

Checked 70 installs across 71 packages (no changes) [3.00ms]
No prisma/schema.prisma found. Studio requires a Prisma schema.
+ exec gosu vibecode scripts/studio
Starting in development mode...
Installing dependencies...
[0.04ms] ".env"
bun install v1.2.19 (aad3abea)

Checked 70 installs across 71 packages (no changes) [4.00ms]
No prisma/schema.prisma found. Studio requires a Prisma schema.
+ exec gosu vibecode scripts/studio
Starting in development mode...
Installing dependencies...
[0.03ms] ".env"
bun install v1.2.19 (aad3abea)

Checked 70 installs across 71 packages (no changes) [3.00ms]
No prisma/schema.prisma found. Studio requires a Prisma schema.
+ exec gosu vibecode scripts/studio
Starting in development mode...
Installing dependencies...
[0.03ms] ".env"
bun install v1.2.19 (aad3abea)

Checked 70 installs across 71 packages (no changes) [3.00ms]
No prisma/schema.prisma found. Studio requires a Prisma schema.
+ exec gosu vibecode scripts/studio
Starting in development mode...
Installing dependencies...
[0.03ms] ".env"
bun install v1.2.19 (aad3abea)

Checked 70 installs across 71 packages (no changes) [3.00ms]
No prisma/schema.prisma found. Studio requires a Prisma schema.
+ exec gosu vibecode scripts/studio
Starting in development mode...
Installing dependencies...
[0.03ms] ".env"
bun install v1.2.19 (aad3abea)

Checked 70 installs across 71 packages (no changes) [3.00ms]
No prisma/schema.prisma found. Studio requires a Prisma schema.
+ exec gosu vibecode scripts/studio
Starting in development mode...
Installing dependencies...
[0.03ms] ".env"
bun install v1.2.19 (aad3abea)

Checked 70 installs across 71 packages (no changes) [3.00ms]
No prisma/schema.prisma found. Studio requires a Prisma schema.
+ exec gosu vibecode scripts/studio
Starting in development mode...
Installing dependencies...
[0.03ms] ".env"
bun install v1.2.19 (aad3abea)

Checked 70 installs across 71 packages (no changes) [3.00ms]
No prisma/schema.prisma found. Studio requires a Prisma schema.
+ exec gosu vibecode scripts/studio
Starting in development mode...
Installing dependencies...
[0.04ms] ".env"
bun install v1.2.19 (aad3abea)

Checked 70 installs across 71 packages (no changes) [4.00ms]
No prisma/schema.prisma found. Studio requires a Prisma schema.
+ exec gosu vibecode scripts/studio
Starting in development mode...
Installing dependencies...
[0.03ms] ".env"
bun install v1.2.19 (aad3abea)

Checked 70 installs across 71 packages (no changes) [3.00ms]
No prisma/schema.prisma found. Studio requires a Prisma schema.
+ exec gosu vibecode scripts/studio
Starting in development mode...
Installing dependencies...
[0.03ms] ".env"
bun install v1.2.19 (aad3abea)

Checked 70 installs across 71 packages (no changes) [3.00ms]
No prisma/schema.prisma found. Studio requires a Prisma schema.
+ exec gosu vibecode scripts/studio
Starting in development mode...
Installing dependencies...
[0.03ms] ".env"
bun install v1.2.19 (aad3abea)

Checked 70 installs across 71 packages (no changes) [3.00ms]
No prisma/schema.prisma found. Studio requires a Prisma schema.
+ exec gosu vibecode scripts/studio
Starting in development mode...
Installing dependencies...
[0.04ms] ".env"
bun install v1.2.19 (aad3abea)

Checked 70 installs across 71 packages (no changes) [3.00ms]
No prisma/schema.prisma found. Studio requires a Prisma schema.
+ exec gosu vibecode scripts/studio
Starting in development mode...
Installing dependencies...
[0.04ms] ".env"
bun install v1.2.19 (aad3abea)

Checked 70 installs across 71 packages (no changes) [4.00ms]
No prisma/schema.prisma found. Studio requires a Prisma schema.
+ exec gosu vibecode scripts/studio
Starting in development mode...
Installing dependencies...
[0.03ms] ".env"
bun install v1.2.19 (aad3abea)

Checked 70 installs across 71 packages (no changes) [4.00ms]
No prisma/schema.prisma found. Studio requires a Prisma schema.
+ exec gosu vibecode scripts/studio
Starting in development mode...
Installing dependencies...
[0.03ms] ".env"
bun install v1.2.19 (aad3abea)

Checked 70 installs across 71 packages (no changes) [3.00ms]
No prisma/schema.prisma found. Studio requires a Prisma schema.
+ exec gosu vibecode scripts/studio
Starting in development mode...
Installing dependencies...
[0.03ms] ".env"
bun install v1.2.19 (aad3abea)

Checked 70 installs across 71 packages (no changes) [3.00ms]
No prisma/schema.prisma found. Studio requires a Prisma schema.
+ exec gosu vibecode scripts/studio
Starting in development mode...
Installing dependencies...
[0.03ms] ".env"
bun install v1.2.19 (aad3abea)

Checked 70 installs across 71 packages (no changes) [3.00ms]
No prisma/schema.prisma found. Studio requires a Prisma schema.
+ exec gosu vibecode scripts/studio
Starting in development mode...
Installing dependencies...
[0.04ms] ".env"
bun install v1.2.19 (aad3abea)

Checked 70 installs across 71 packages (no changes) [3.00ms]
No prisma/schema.prisma found. Studio requires a Prisma schema.
+ exec gosu vibecode scripts/studio
Starting in development mode...
Installing dependencies...
[0.03ms] ".env"
bun install v1.2.19 (aad3abea)

Checked 70 installs across 71 packages (no changes) [3.00ms]
No prisma/schema.prisma found. Studio requires a Prisma schema.
+ exec gosu vibecode scripts/studio
Starting in development mode...
Installing dependencies...
[0.04ms] ".env"
bun install v1.2.19 (aad3abea)

Checked 70 installs across 71 packages (no changes) [3.00ms]
No prisma/schema.prisma found. Studio requires a Prisma schema.
+ exec gosu vibecode scripts/studio
Starting in development mode...
Installing dependencies...
[0.03ms] ".env"
bun install v1.2.19 (aad3abea)

Checked 70 installs across 71 packages (no changes) [3.00ms]
No prisma/schema.prisma found. Studio requires a Prisma schema.
+ exec gosu vibecode scripts/studio
Starting in development mode...
Installing dependencies...
[0.03ms] ".env"
bun install v1.2.19 (aad3abea)

Checked 70 installs across 71 packages (no changes) [3.00ms]
No prisma/schema.prisma found. Studio requires a Prisma schema.
+ exec gosu vibecode scripts/studio
Starting in development mode...
Installing dependencies...
[0.04ms] ".env"
bun install v1.2.19 (aad3abea)

+ @types/bun@1.2.23
+ typescript@5.8.3
+ @hono/node-server@1.12.0
+ @hono/zod-validator@0.7.6
+ @vibecodeapp/backend-sdk@1.0.1
+ @vibecodeapp/cloud-studio@0.2.4
+ @vibecodeapp/proxy@2.0.3
+ hono@4.6.0
+ zod@4.1.11

70 packages installed [1.53s]
No prisma/schema.prisma found. Studio requires a Prisma schema.
+ exec gosu vibecode scripts/studio
Starting in development mode...
Installing dependencies...
[0.03ms] ".env"
bun install v1.2.19 (aad3abea)

Checked 70 installs across 71 packages (no changes) [3.00ms]
No prisma/schema.prisma found. Studio requires a Prisma schema.
+ exec gosu vibecode scripts/studio
Starting in development mode...
Installing dependencies...
[0.03ms] ".env"
bun install v1.2.19 (aad3abea)

Checked 70 installs across 71 packages (no changes) [3.00ms]
No prisma/schema.prisma found. Studio requires a Prisma schema.
+ exec gosu vibecode scripts/studio
Starting in development mode...
Installing dependencies...
[0.03ms] ".env"
bun install v1.2.19 (aad3abea)

Checked 70 installs across 71 packages (no changes) [4.00ms]
No prisma/schema.prisma found. Studio requires a Prisma schema.
+ exec gosu vibecode scripts/studio
Starting in development mode...
Installing dependencies...
[0.03ms] ".env"
bun install v1.2.19 (aad3abea)

Checked 70 installs across 71 packages (no changes) [4.00ms]
No prisma/schema.prisma found. Studio requires a Prisma schema.
+ exec gosu vibecode scripts/studio
Starting in development mode...
Installing dependencies...
[0.03ms] ".env"
bun install v1.2.19 (aad3abea)

Checked 70 installs across 71 packages (no changes) [3.00ms]
No prisma/schema.prisma found. Studio requires a Prisma schema.
+ exec gosu vibecode scripts/studio
Starting in development mode...
Installing dependencies...
[0.03ms] ".env"
bun install v1.2.19 (aad3abea)

Checked 70 installs across 71 packages (no changes) [3.00ms]
No prisma/schema.prisma found. Studio requires a Prisma schema.
+ exec gosu vibecode scripts/studio
Starting in development mode...
Installing dependencies...
[0.03ms] ".env"
bun install v1.2.19 (aad3abea)

Checked 70 installs across 71 packages (no changes) [7.00ms]
No prisma/schema.prisma found. Studio requires a Prisma schema.
+ exec gosu vibecode scripts/studio
Starting in development mode...
Installing dependencies...
[0.03ms] ".env"
bun install v1.2.19 (aad3abea)

Checked 70 installs across 71 packages (no changes) [3.00ms]
No prisma/schema.prisma found. Studio requires a Prisma schema.
+ exec gosu vibecode scripts/studio
Starting in development mode...
Installing dependencies...
[0.03ms] ".env"
bun install v1.2.19 (aad3abea)

Checked 70 installs across 71 packages (no changes) [4.00ms]
No prisma/schema.prisma found. Studio requires a Prisma schema.
+ exec gosu vibecode scripts/studio
Starting in development mode...
Installing dependencies...
[0.03ms] ".env"
bun install v1.2.19 (aad3abea)

Checked 70 installs across 71 packages (no changes) [3.00ms]
No prisma/schema.prisma found. Studio requires a Prisma schema.
+ exec gosu vibecode scripts/studio
Starting in development mode...
Installing dependencies...
[0.03ms] ".env"
bun install v1.2.19 (aad3abea)

Checked 70 installs across 71 packages (no changes) [4.00ms]
No prisma/schema.prisma found. Studio requires a Prisma schema.
+ exec gosu vibecode scripts/studio
Starting in development mode...
Installing dependencies...
[0.03ms] ".env"
bun install v1.2.19 (aad3abea)

Checked 70 installs across 71 packages (no changes) [4.00ms]
No prisma/schema.prisma found. Studio requires a Prisma schema.
+ exec gosu vibecode scripts/studio
Starting in development mode...
Installing dependencies...
[0.05ms] ".env"
bun install v1.2.19 (aad3abea)

Checked 70 installs across 71 packages (no changes) [4.00ms]
No prisma/schema.prisma found. Studio requires a Prisma schema.
+ exec gosu vibecode scripts/studio
Starting in development mode...
Installing dependencies...
[0.03ms] ".env"
bun install v1.2.19 (aad3abea)

Checked 70 installs across 71 packages (no changes) [3.00ms]
No prisma/schema.prisma found. Studio requires a Prisma schema.
+ exec gosu vibecode scripts/studio
Starting in development mode...
Installing dependencies...
[0.03ms] ".env"
bun install v1.2.19 (aad3abea)

Checked 70 installs across 71 packages (no changes) [3.00ms]
No prisma/schema.prisma found. Studio requires a Prisma schema.
+ exec gosu vibecode scripts/studio
Starting in development mode...
Installing dependencies...
[0.03ms] ".env"
bun install v1.2.19 (aad3abea)

Checked 94 installs across 95 packages (no changes) [4.00ms]
Starting Cloud Studio...
Cloud Studio starting on http://0.0.0.0:3001
Cloud Studio is running at http://0.0.0.0:3001
Prisma Client not available: @prisma/client did not initialize yet. Please run "prisma generate" and try to import it again.
The UI will display setup instructions.
+ exec gosu vibecode scripts/studio
Starting in development mode...
Installing dependencies...
[0.03ms] ".env"
bun install v1.2.19 (aad3abea)

Checked 94 installs across 95 packages (no changes) [7.00ms]
Starting Cloud Studio...
Cloud Studio starting on http://0.0.0.0:3001
Cloud Studio is running at http://0.0.0.0:3001
Prisma Client connected
+ exec gosu vibecode scripts/studio
Starting in development mode...
Installing dependencies...
[0.03ms] ".env"
bun install v1.2.19 (aad3abea)

Checked 94 installs across 95 packages (no changes) [8.00ms]
Starting Cloud Studio...
Cloud Studio starting on http://0.0.0.0:3001
Cloud Studio is running at http://0.0.0.0:3001
Prisma Client connected
+ exec gosu vibecode scripts/studio
Starting in development mode...
Installing dependencies...
[0.04ms] ".env"
bun install v1.2.19 (aad3abea)

+ @types/bun@1.2.23
+ prisma@5.22.0
+ typescript@5.8.3
+ @hono/node-server@1.12.0
+ @hono/zod-validator@0.7.6
+ @prisma/client@5.22.0
+ @vibecodeapp/backend-sdk@1.0.1
+ @vibecodeapp/cloud-studio@0.2.4
+ @vibecodeapp/proxy@2.0.3
+ better-auth@1.4.18
+ hono@4.6.0
+ zod@4.1.11

93 packages installed [6.43s]
Starting Cloud Studio...
Cloud Studio starting on http://0.0.0.0:3001
Cloud Studio is running at http://0.0.0.0:3001
Prisma Client connected
+ exec gosu vibecode scripts/studio
Starting in development mode...
Installing dependencies...
[0.03ms] ".env"
bun install v1.2.19 (aad3abea)

+ @types/bun@1.2.23
+ prisma@5.22.0
+ typescript@5.8.3
+ @hono/node-server@1.12.0
+ @hono/zod-validator@0.7.6
+ @prisma/client@5.22.0
+ @vibecodeapp/backend-sdk@1.0.1
+ @vibecodeapp/cloud-studio@0.2.4
+ @vibecodeapp/proxy@2.0.3
+ better-auth@1.4.18
+ hono@4.6.0
+ zod@4.1.11

93 packages installed [5.97s]
Starting Cloud Studio...
Cloud Studio starting on http://0.0.0.0:3001
Cloud Studio is running at http://0.0.0.0:3001
Prisma Client connected
+ exec gosu vibecode scripts/studio
Starting in development mode...
Installing dependencies...
[0.04ms] ".env"
bun install v1.2.19 (aad3abea)

+ @types/bun@1.2.23
+ prisma@5.22.0
+ typescript@5.8.3
+ @hono/node-server@1.12.0
+ @hono/zod-validator@0.7.6
+ @prisma/client@5.22.0
+ @vibecodeapp/backend-sdk@1.0.1
+ @vibecodeapp/cloud-studio@0.2.4
+ @vibecodeapp/proxy@2.0.3
+ better-auth@1.4.18
+ hono@4.6.0
+ zod@4.1.11

93 packages installed [6.24s]
Starting Cloud Studio...
Cloud Studio starting on http://0.0.0.0:3001
Cloud Studio is running at http://0.0.0.0:3001
Prisma Client connected
+ exec gosu vibecode scripts/studio
Starting in development mode...
Installing dependencies...
[0.03ms] ".env"
bun install v1.2.19 (aad3abea)

+ @types/bun@1.2.23
+ prisma@5.22.0
+ typescript@5.8.3
+ @hono/node-server@1.12.0
+ @hono/zod-validator@0.7.6
+ @prisma/client@5.22.0
+ @vibecodeapp/backend-sdk@1.0.1
+ @vibecodeapp/cloud-studio@0.2.4
+ @vibecodeapp/proxy@2.0.3
+ better-auth@1.4.18
+ hono@4.6.0
+ zod@4.1.11

93 packages installed [6.36s]
Starting Cloud Studio...
Cloud Studio starting on http://0.0.0.0:3001
Cloud Studio is running at http://0.0.0.0:3001
Prisma Client connected
+ exec gosu vibecode scripts/studio
Starting in development mode...
Installing dependencies...
[0.03ms] ".env"
bun install v1.2.19 (aad3abea)

+ @types/bun@1.2.23
+ prisma@5.22.0
+ typescript@5.8.3
+ @hono/node-server@1.12.0
+ @hono/zod-validator@0.7.6
+ @prisma/client@5.22.0
+ @vibecodeapp/backend-sdk@1.0.1
+ @vibecodeapp/cloud-studio@0.2.4
+ @vibecodeapp/proxy@2.0.3
+ better-auth@1.4.18
+ hono@4.6.0
+ zod@4.1.11

93 packages installed [6.10s]
Starting Cloud Studio...
Cloud Studio starting on http://0.0.0.0:3001
Cloud Studio is running at http://0.0.0.0:3001
Prisma Client connected
+ exec gosu vibecode scripts/studio
Starting in development mode...
Installing dependencies...
[0.03ms] ".env"
bun install v1.2.19 (aad3abea)

Checked 94 installs across 95 packages (no changes) [8.00ms]
Starting Cloud Studio...
Cloud Studio starting on http://0.0.0.0:3001
Cloud Studio is running at http://0.0.0.0:3001
Prisma Client connected
+ exec gosu vibecode scripts/studio
Starting in development mode...
Installing dependencies...
[0.03ms] ".env"
bun install v1.2.19 (aad3abea)

Checked 94 installs across 95 packages (no changes) [9.00ms]
Starting Cloud Studio...
Cloud Studio starting on http://0.0.0.0:3001
Cloud Studio is running at http://0.0.0.0:3001
Prisma Client connected
+ exec gosu vibecode scripts/studio
Starting in development mode...
Installing dependencies...
[0.03ms] ".env"
bun install v1.2.19 (aad3abea)

Checked 94 installs across 95 packages (no changes) [4.00ms]
Starting Cloud Studio...
Cloud Studio starting on http://0.0.0.0:3001
Cloud Studio is running at http://0.0.0.0:3001
Prisma Client connected
+ exec gosu vibecode scripts/studio
Installing dependencies...
[0.03ms] ".env"
bun install v1.2.19 (aad3abea)

+ @types/bun@1.2.23
+ prisma@5.22.0
+ typescript@5.8.3
+ @hono/node-server@1.12.0
+ @hono/zod-validator@0.7.6
+ @prisma/client@5.22.0
+ @vibecodeapp/backend-sdk@1.0.1
+ @vibecodeapp/cloud-studio@0.2.4
+ @vibecodeapp/proxy@2.0.3
+ better-auth@1.4.18
+ hono@4.6.0
+ zod@4.1.11

93 packages installed [6.82s]
Starting Cloud Studio...
Cloud Studio starting on http://0.0.0.0:3001
Cloud Studio is running at http://0.0.0.0:3001
Prisma Client connected
